TN:
SF:C:\xampp\htdocs\WayFarer/app.js
FN:18,(anonymous_1)
FN:40,(anonymous_2)
FN:46,(anonymous_3)
FNF:3
FNH:3
FNDA:56,(anonymous_1)
FNDA:2,(anonymous_2)
FNDA:2,(anonymous_3)
DA:1,1
DA:2,1
DA:3,1
DA:4,1
DA:7,1
DA:12,1
DA:14,1
DA:16,1
DA:18,1
DA:19,56
DA:20,56
DA:22,56
DA:23,0
DA:27,0
DA:29,56
DA:32,1
DA:36,1
DA:38,1
DA:40,1
DA:41,2
DA:42,2
DA:43,2
DA:46,1
DA:47,2
DA:48,2
LF:25
LH:23
BRDA:22,0,0,0
BRDA:22,0,1,56
BRDA:47,1,0,2
BRDA:47,1,1,0
BRF:4
BRH:2
end_of_record
TN:
SF:C:\xampp\htdocs\WayFarer\server\constants/feedback.js
FNF:0
FNH:0
DA:1,1
DA:2,1
DA:3,1
DA:4,1
DA:5,1
DA:6,1
DA:7,1
DA:8,1
DA:9,1
DA:10,1
DA:11,1
DA:12,1
DA:13,1
DA:14,1
DA:15,1
DA:16,1
DA:17,1
DA:18,1
DA:19,1
DA:20,1
DA:21,1
DA:22,1
DA:23,1
DA:24,1
DA:25,1
DA:26,1
DA:27,1
LF:27
LH:27
BRF:0
BRH:0
end_of_record
TN:
SF:C:\xampp\htdocs\WayFarer\server\constants/responseCodes.js
FNF:0
FNH:0
DA:1,1
DA:2,1
DA:3,1
DA:4,1
DA:5,1
DA:6,1
DA:7,1
DA:8,1
DA:9,1
DA:10,1
LF:10
LH:10
BRF:0
BRH:0
end_of_record
TN:
SF:C:\xampp\htdocs\WayFarer\server\constants/responseMessages.js
FNF:0
FNH:0
DA:1,1
DA:2,1
DA:3,1
DA:4,1
DA:5,1
DA:6,1
DA:7,1
DA:8,1
LF:8
LH:8
BRF:0
BRH:0
end_of_record
TN:
SF:C:\xampp\htdocs\WayFarer\server\controllers/bookingController.js
FN:20,(anonymous_1)
FN:27,(anonymous_2)
FN:34,(anonymous_3)
FN:62,(anonymous_4)
FN:66,(anonymous_5)
FN:74,(anonymous_6)
FN:82,(anonymous_7)
FN:86,(anonymous_8)
FN:88,(anonymous_9)
FN:91,(anonymous_10)
FN:104,(anonymous_11)
FN:106,(anonymous_12)
FNF:12
FNH:12
FNDA:1,(anonymous_1)
FNDA:1,(anonymous_2)
FNDA:1,(anonymous_3)
FNDA:4,(anonymous_4)
FNDA:8,(anonymous_5)
FNDA:3,(anonymous_6)
FNDA:3,(anonymous_7)
FNDA:6,(anonymous_8)
FNDA:4,(anonymous_9)
FNDA:2,(anonymous_10)
FNDA:2,(anonymous_11)
FNDA:2,(anonymous_12)
DA:1,1
DA:2,1
DA:5,1
DA:8,1
DA:11,1
DA:14,1
DA:15,1
DA:17,1
DA:21,1
DA:22,1
DA:23,1
DA:24,1
DA:25,1
DA:27,1
DA:29,1
DA:32,1
DA:34,1
DA:36,1
DA:53,1
DA:55,1
DA:56,1
DA:59,0
DA:66,4
DA:67,8
DA:68,8
DA:71,4
DA:73,3
DA:74,3
DA:75,2
DA:76,1
DA:79,1
DA:83,3
DA:84,3
DA:86,6
DA:88,4
DA:89,3
DA:91,2
DA:93,2
DA:95,1
DA:96,1
DA:98,1
DA:99,1
DA:101,1
DA:105,2
DA:106,2
DA:107,2
DA:108,1
DA:110,1
LF:48
LH:47
BRDA:29,0,0,1
BRDA:29,0,1,0
BRDA:71,1,0,1
BRDA:71,1,1,3
BRDA:73,2,0,2
BRDA:73,2,1,1
BRDA:75,3,0,1
BRDA:75,3,1,1
BRDA:89,4,0,1
BRDA:89,4,1,2
BRDA:93,5,0,1
BRDA:93,5,1,1
BRDA:107,6,0,1
BRDA:107,6,1,1
BRF:14
BRH:13
end_of_record
TN:
SF:C:\xampp\htdocs\WayFarer\server\controllers/tripController.js
FN:15,(anonymous_1)
FN:26,(anonymous_2)
FN:48,(anonymous_3)
FN:52,(anonymous_4)
FN:61,(anonymous_5)
FN:68,(anonymous_6)
FN:77,(anonymous_7)
FN:83,(anonymous_8)
FN:91,(anonymous_9)
FN:96,(anonymous_10)
FNF:10
FNH:10
FNDA:2,(anonymous_1)
FNDA:1,(anonymous_2)
FNDA:3,(anonymous_3)
FNDA:2,(anonymous_4)
FNDA:8,(anonymous_5)
FNDA:2,(anonymous_6)
FNDA:2,(anonymous_7)
FNDA:2,(anonymous_8)
FNDA:2,(anonymous_9)
FNDA:1,(anonymous_10)
DA:1,1
DA:4,1
DA:7,1
DA:11,1
DA:12,1
DA:16,2
DA:17,2
DA:20,2
DA:26,2
DA:29,2
DA:31,1
DA:44,1
DA:45,1
DA:49,3
DA:51,2
DA:52,2
DA:53,2
DA:54,1
DA:55,1
DA:58,1
DA:62,8
DA:64,7
DA:67,7
DA:68,2
DA:71,2
DA:72,1
DA:75,5
DA:77,2
DA:78,2
DA:79,1
DA:82,3
DA:83,2
DA:84,2
DA:85,1
DA:88,1
DA:92,2
DA:93,1
DA:96,1
DA:97,1
LF:39
LH:39
BRDA:26,0,0,1
BRDA:26,0,1,1
BRDA:29,1,0,1
BRDA:29,1,1,1
BRDA:49,2,0,1
BRDA:49,2,1,2
BRDA:53,3,0,1
BRDA:53,3,1,1
BRDA:62,4,0,1
BRDA:62,4,1,7
BRDA:67,5,0,2
BRDA:67,5,1,5
BRDA:67,6,0,7
BRDA:67,6,1,4
BRDA:68,7,0,2
BRDA:68,7,1,1
BRDA:71,8,0,1
BRDA:71,8,1,1
BRDA:75,9,0,2
BRDA:75,9,1,3
BRDA:78,10,0,1
BRDA:78,10,1,1
BRDA:82,11,0,2
BRDA:82,11,1,1
BRDA:84,12,0,1
BRDA:84,12,1,1
BRDA:92,13,0,1
BRDA:92,13,1,1
BRF:28
BRH:28
end_of_record
TN:
SF:C:\xampp\htdocs\WayFarer\server\controllers/userController.js
FN:35,(anonymous_1)
FN:39,(anonymous_2)
FN:79,(anonymous_3)
FN:80,(anonymous_4)
FN:82,(anonymous_5)
FN:109,(anonymous_6)
FN:112,(anonymous_7)
FNF:7
FNH:7
FNDA:2,(anonymous_1)
FNDA:1,(anonymous_2)
FNDA:4,(anonymous_3)
FNDA:4,(anonymous_4)
FNDA:2,(anonymous_5)
FNDA:4,(anonymous_6)
FNDA:4,(anonymous_7)
DA:1,1
DA:2,1
DA:3,1
DA:4,1
DA:5,1
DA:9,1
DA:14,1
DA:21,1
DA:22,1
DA:24,1
DA:38,2
DA:39,2
DA:40,2
DA:42,1
DA:43,1
DA:44,1
DA:46,1
DA:47,1
DA:56,1
DA:68,1
DA:69,1
DA:70,0
DA:80,4
DA:81,4
DA:82,2
DA:83,2
DA:84,2
DA:85,1
DA:92,1
DA:100,1
DA:101,1
DA:103,1
DA:106,2
DA:110,4
DA:112,4
DA:113,4
DA:114,3
DA:115,3
DA:116,2
DA:117,2
DA:118,2
DA:120,2
DA:121,1
DA:122,1
DA:127,1
DA:129,1
DA:131,1
DA:133,1
LF:48
LH:47
BRDA:40,0,0,1
BRDA:40,0,1,1
BRDA:81,1,0,2
BRDA:81,1,1,2
BRDA:83,2,0,0
BRDA:83,2,1,2
BRDA:84,3,0,1
BRDA:84,3,1,1
BRDA:113,4,0,3
BRDA:113,4,1,1
BRDA:115,5,0,2
BRDA:115,5,1,1
BRDA:120,6,0,1
BRDA:120,6,1,1
BRF:14
BRH:13
end_of_record
TN:
SF:C:\xampp\htdocs\WayFarer\server\data/data.js
FNF:0
FNH:0
DA:1,1
DA:11,1
DA:23,1
DA:26,1
DA:30,1
DA:34,1
DA:38,1
DA:43,1
DA:45,1
DA:58,1
DA:60,1
DA:73,1
DA:85,1
DA:87,1
DA:89,1
DA:91,1
DA:96,1
DA:102,1
LF:18
LH:18
BRF:0
BRH:0
end_of_record
TN:
SF:C:\xampp\htdocs\WayFarer\server\helpers/helper.js
FN:6,(anonymous_0)
FN:14,(anonymous_1)
FN:23,(anonymous_2)
FN:31,(anonymous_3)
FN:41,(anonymous_4)
FNF:5
FNH:5
FNDA:33,(anonymous_0)
FNDA:15,(anonymous_1)
FNDA:6,(anonymous_2)
FNDA:7,(anonymous_3)
FNDA:33,(anonymous_4)
DA:1,1
DA:7,33
DA:11,33
DA:15,15
DA:20,15
DA:24,6
DA:28,6
DA:32,7
DA:33,7
DA:34,7
DA:35,7
DA:37,7
DA:38,7
DA:42,33
DA:43,0
LF:15
LH:14
BRDA:42,0,0,32
BRDA:42,0,1,0
BRF:2
BRH:1
end_of_record
TN:
SF:C:\xampp\htdocs\WayFarer\server\middlewares/permission.js
FN:18,(anonymous_1)
FN:27,(anonymous_2)
FN:40,(anonymous_3)
FN:48,(anonymous_4)
FN:57,(anonymous_5)
FN:61,(anonymous_6)
FNF:6
FNH:6
FNDA:9,(anonymous_1)
FNDA:8,(anonymous_2)
FNDA:18,(anonymous_3)
FNDA:20,(anonymous_4)
FNDA:6,(anonymous_5)
FNDA:11,(anonymous_6)
DA:1,1
DA:2,1
DA:3,1
DA:6,1
DA:7,1
DA:12,1
DA:13,1
DA:15,1
DA:19,9
DA:20,9
DA:21,9
DA:22,9
DA:26,8
DA:27,8
DA:28,8
DA:30,8
DA:32,7
DA:34,5
DA:36,1
DA:41,18
DA:42,18
DA:43,18
DA:44,18
DA:47,16
DA:48,16
DA:49,20
DA:51,16
DA:53,14
DA:54,2
DA:58,6
DA:59,6
DA:60,6
DA:61,6
DA:62,11
DA:64,6
DA:66,6
DA:68,6
DA:70,6
DA:71,0
LF:39
LH:38
BRDA:19,0,0,9
BRDA:19,0,1,1
BRDA:19,0,2,1
BRDA:30,1,0,1
BRDA:30,1,1,7
BRDA:32,2,0,2
BRDA:32,2,1,5
BRDA:51,3,0,2
BRDA:51,3,1,14
BRDA:58,4,0,6
BRDA:58,4,1,0
BRDA:66,5,0,0
BRDA:66,5,1,6
BRDA:68,6,0,0
BRDA:68,6,1,6
BRF:15
BRH:12
end_of_record
TN:
SF:C:\xampp\htdocs\WayFarer\server\middlewares/validation.js
FN:21,(anonymous_1)
FN:40,(anonymous_2)
FN:52,(anonymous_3)
FN:87,(anonymous_4)
FN:100,(anonymous_5)
FN:121,(anonymous_6)
FN:126,(anonymous_7)
FN:128,(anonymous_8)
FN:132,(anonymous_9)
FN:137,(anonymous_10)
FNF:10
FNH:10
FNDA:4,(anonymous_1)
FNDA:5,(anonymous_2)
FNDA:6,(anonymous_3)
FNDA:14,(anonymous_4)
FNDA:6,(anonymous_5)
FNDA:3,(anonymous_6)
FNDA:3,(anonymous_7)
FNDA:2,(anonymous_8)
FNDA:2,(anonymous_9)
FNDA:1,(anonymous_10)
DA:1,1
DA:2,1
DA:3,1
DA:6,1
DA:7,1
DA:8,1
DA:11,1
DA:12,1
DA:22,4
DA:33,4
DA:35,4
DA:37,2
DA:41,5
DA:42,5
DA:43,1
DA:53,6
DA:69,6
DA:81,6
DA:83,6
DA:84,1
DA:88,14
DA:91,14
DA:93,14
DA:94,12
DA:97,2
DA:101,6
DA:102,6
DA:103,6
DA:110,6
DA:115,6
DA:117,6
DA:119,4
DA:121,4
DA:123,4
DA:125,3
DA:126,3
DA:128,3
DA:130,3
DA:132,2
DA:135,2
DA:137,1
DA:138,1
DA:140,1
DA:141,0
DA:145,1
LF:45
LH:44
BRDA:35,0,0,2
BRDA:35,0,1,2
BRDA:42,1,0,4
BRDA:42,1,1,1
BRDA:83,2,0,5
BRDA:83,2,1,1
BRDA:88,3,0,14
BRDA:88,3,1,6
BRDA:93,4,0,12
BRDA:93,4,1,2
BRDA:117,5,0,2
BRDA:117,5,1,4
BRDA:119,6,0,0
BRDA:119,6,1,4
BRDA:121,7,0,3
BRDA:121,7,1,2
BRDA:123,8,0,1
BRDA:123,8,1,3
BRDA:128,9,0,2
BRDA:128,9,1,2
BRDA:130,10,0,1
BRDA:130,10,1,2
BRDA:132,11,0,2
BRDA:132,11,1,2
BRDA:135,12,0,1
BRDA:135,12,1,1
BRDA:138,13,0,1
BRDA:138,13,1,0
BRDA:140,14,0,0
BRDA:140,14,1,1
BRF:30
BRH:27
end_of_record
TN:
SF:C:\xampp\htdocs\WayFarer\server\models/booking.js
FN:4,(anonymous_0)
FNF:1
FNH:1
FNDA:1,(anonymous_0)
DA:1,1
DA:2,1
DA:21,1
DA:22,1
DA:23,1
DA:24,1
DA:25,1
DA:26,1
DA:27,1
DA:28,1
DA:29,1
DA:30,1
DA:31,1
DA:32,1
DA:33,1
DA:34,1
DA:35,1
LF:17
LH:17
BRF:0
BRH:0
end_of_record
TN:
SF:C:\xampp\htdocs\WayFarer\server\models/trip.js
FN:3,(anonymous_0)
FNF:1
FNH:1
FNDA:1,(anonymous_0)
DA:1,1
DA:16,1
DA:17,1
DA:18,1
DA:19,1
DA:20,1
DA:21,1
DA:22,1
DA:23,1
DA:24,1
DA:25,1
DA:26,1
LF:12
LH:12
BRF:0
BRH:0
end_of_record
TN:
SF:C:\xampp\htdocs\WayFarer\server\models/user.js
FN:6,(anonymous_0)
FNF:1
FNH:1
FNDA:1,(anonymous_0)
DA:1,1
DA:2,1
DA:3,1
DA:18,1
DA:19,1
DA:20,1
DA:21,1
DA:22,1
DA:23,1
DA:24,1
DA:25,1
DA:26,1
DA:27,1
LF:13
LH:13
BRF:0
BRH:0
end_of_record
TN:
SF:C:\xampp\htdocs\WayFarer\server\routes/index.js
FNF:0
FNH:0
DA:1,1
DA:2,1
DA:3,1
DA:4,1
DA:5,1
DA:6,1
DA:8,1
DA:11,1
DA:12,1
DA:13,1
DA:16,1
DA:17,1
DA:18,1
DA:19,1
DA:22,1
DA:23,1
DA:24,1
DA:25,1
LF:18
LH:18
BRF:0
BRH:0
end_of_record
TN:
SF:C:\xampp\htdocs\WayFarer\server\tests/appCore.spec.js
FN:14,(anonymous_1)
FN:15,(anonymous_2)
FN:16,(anonymous_3)
FN:19,(anonymous_4)
FN:26,(anonymous_5)
FN:30,(anonymous_6)
FNF:6
FNH:6
FNDA:1,(anonymous_1)
FNDA:1,(anonymous_2)
FNDA:1,(anonymous_3)
FNDA:1,(anonymous_4)
FNDA:1,(anonymous_5)
FNDA:1,(anonymous_6)
DA:1,1
DA:2,1
DA:3,1
DA:4,1
DA:5,1
DA:7,1
DA:12,1
DA:14,1
DA:15,1
DA:16,1
DA:17,1
DA:20,1
DA:21,1
DA:22,1
DA:23,1
DA:26,1
DA:27,1
DA:31,1
DA:32,1
DA:33,1
DA:34,1
LF:21
LH:21
BRF:0
BRH:0
end_of_record
TN:
SF:C:\xampp\htdocs\WayFarer\server\tests/test.spec.js
FN:29,(anonymous_1)
FN:31,(anonymous_2)
FN:32,(anonymous_3)
FN:36,(anonymous_4)
FN:45,(anonymous_5)
FN:49,(anonymous_6)
FN:55,(anonymous_7)
FN:59,(anonymous_8)
FN:67,(anonymous_9)
FN:71,(anonymous_10)
FN:80,(anonymous_11)
FN:81,(anonymous_12)
FN:85,(anonymous_13)
FN:94,(anonymous_14)
FN:98,(anonymous_15)
FN:106,(anonymous_16)
FN:110,(anonymous_17)
FN:116,(anonymous_18)
FN:121,(anonymous_19)
FN:132,(anonymous_20)
FN:133,(anonymous_21)
FN:136,(anonymous_22)
FN:145,(anonymous_23)
FN:149,(anonymous_24)
FN:156,(anonymous_25)
FN:161,(anonymous_26)
FN:168,(anonymous_27)
FN:169,(anonymous_28)
FN:172,(anonymous_29)
FN:179,(anonymous_30)
FN:180,(anonymous_31)
FN:184,(anonymous_32)
FNF:32
FNH:32
FNDA:1,(anonymous_1)
FNDA:1,(anonymous_2)
FNDA:1,(anonymous_3)
FNDA:1,(anonymous_4)
FNDA:1,(anonymous_5)
FNDA:1,(anonymous_6)
FNDA:1,(anonymous_7)
FNDA:1,(anonymous_8)
FNDA:1,(anonymous_9)
FNDA:1,(anonymous_10)
FNDA:1,(anonymous_11)
FNDA:1,(anonymous_12)
FNDA:1,(anonymous_13)
FNDA:1,(anonymous_14)
FNDA:1,(anonymous_15)
FNDA:1,(anonymous_16)
FNDA:1,(anonymous_17)
FNDA:1,(anonymous_18)
FNDA:1,(anonymous_19)
FNDA:1,(anonymous_20)
FNDA:1,(anonymous_21)
FNDA:1,(anonymous_22)
FNDA:1,(anonymous_23)
FNDA:1,(anonymous_24)
FNDA:1,(anonymous_25)
FNDA:1,(anonymous_26)
FNDA:1,(anonymous_27)
FNDA:1,(anonymous_28)
FNDA:1,(anonymous_29)
FNDA:1,(anonymous_30)
FNDA:1,(anonymous_31)
FNDA:1,(anonymous_32)
DA:1,1
DA:2,1
DA:3,1
DA:4,1
DA:13,1
DA:19,1
DA:20,1
DA:21,1
DA:22,1
DA:27,1
DA:29,1
DA:31,1
DA:32,1
DA:33,1
DA:37,1
DA:38,1
DA:39,1
DA:40,1
DA:41,1
DA:45,1
DA:46,1
DA:50,1
DA:51,1
DA:55,1
DA:56,1
DA:60,1
DA:61,1
DA:62,1
DA:63,1
DA:67,1
DA:68,1
DA:72,1
DA:73,1
DA:74,1
DA:75,1
DA:80,1
DA:81,1
DA:82,1
DA:86,1
DA:87,1
DA:88,1
DA:89,1
DA:90,1
DA:94,1
DA:95,1
DA:99,1
DA:100,1
DA:101,1
DA:102,1
DA:106,1
DA:107,1
DA:111,1
DA:112,1
DA:116,1
DA:117,1
DA:118,1
DA:122,1
DA:123,1
DA:124,1
DA:125,1
DA:126,1
DA:127,1
DA:132,1
DA:133,1
DA:134,1
DA:137,1
DA:138,1
DA:139,1
DA:140,1
DA:141,1
DA:145,1
DA:146,1
DA:147,1
DA:150,1
DA:151,1
DA:152,1
DA:153,1
DA:156,1
DA:157,1
DA:158,1
DA:159,1
DA:162,1
DA:163,1
DA:164,1
DA:165,1
DA:168,1
DA:169,1
DA:170,1
DA:173,1
DA:174,1
DA:175,1
DA:176,1
DA:179,1
DA:180,1
DA:181,1
DA:182,1
DA:185,1
DA:186,1
DA:187,1
LF:99
LH:99
BRF:0
BRH:0
end_of_record
TN:
SF:C:\xampp\htdocs\WayFarer\server\tests/test.trip.spec.js
FN:29,(anonymous_1)
FN:30,(anonymous_2)
FN:31,(anonymous_3)
FN:36,(anonymous_4)
FN:44,(anonymous_5)
FN:48,(anonymous_6)
FN:56,(anonymous_7)
FN:61,(anonymous_8)
FN:69,(anonymous_9)
FN:76,(anonymous_10)
FN:84,(anonymous_11)
FN:90,(anonymous_12)
FN:98,(anonymous_13)
FN:99,(anonymous_14)
FN:105,(anonymous_15)
FN:114,(anonymous_16)
FN:115,(anonymous_17)
FN:116,(anonymous_18)
FN:120,(anonymous_19)
FN:128,(anonymous_20)
FN:132,(anonymous_21)
FN:139,(anonymous_22)
FN:143,(anonymous_23)
FN:150,(anonymous_24)
FN:154,(anonymous_25)
FN:160,(anonymous_26)
FN:165,(anonymous_27)
FN:173,(anonymous_28)
FN:174,(anonymous_29)
FN:178,(anonymous_30)
FN:186,(anonymous_31)
FN:190,(anonymous_32)
FN:198,(anonymous_33)
FN:199,(anonymous_34)
FN:203,(anonymous_35)
FN:211,(anonymous_36)
FN:212,(anonymous_37)
FN:217,(anonymous_38)
FN:225,(anonymous_39)
FN:226,(anonymous_40)
FN:231,(anonymous_41)
FN:238,(anonymous_42)
FN:243,(anonymous_43)
FN:251,(anonymous_44)
FN:255,(anonymous_45)
FN:267,(anonymous_46)
FN:268,(anonymous_47)
FN:269,(anonymous_48)
FN:273,(anonymous_49)
FN:280,(anonymous_50)
FN:284,(anonymous_51)
FN:293,(anonymous_52)
FN:294,(anonymous_53)
FN:298,(anonymous_54)
FN:305,(anonymous_55)
FN:309,(anonymous_56)
FN:317,(anonymous_57)
FN:318,(anonymous_58)
FN:322,(anonymous_59)
FN:329,(anonymous_60)
FN:333,(anonymous_61)
FNF:61
FNH:61
FNDA:1,(anonymous_1)
FNDA:1,(anonymous_2)
FNDA:1,(anonymous_3)
FNDA:1,(anonymous_4)
FNDA:1,(anonymous_5)
FNDA:1,(anonymous_6)
FNDA:1,(anonymous_7)
FNDA:1,(anonymous_8)
FNDA:1,(anonymous_9)
FNDA:1,(anonymous_10)
FNDA:1,(anonymous_11)
FNDA:1,(anonymous_12)
FNDA:1,(anonymous_13)
FNDA:1,(anonymous_14)
FNDA:1,(anonymous_15)
FNDA:1,(anonymous_16)
FNDA:1,(anonymous_17)
FNDA:1,(anonymous_18)
FNDA:1,(anonymous_19)
FNDA:1,(anonymous_20)
FNDA:1,(anonymous_21)
FNDA:1,(anonymous_22)
FNDA:1,(anonymous_23)
FNDA:1,(anonymous_24)
FNDA:1,(anonymous_25)
FNDA:1,(anonymous_26)
FNDA:1,(anonymous_27)
FNDA:1,(anonymous_28)
FNDA:1,(anonymous_29)
FNDA:1,(anonymous_30)
FNDA:1,(anonymous_31)
FNDA:1,(anonymous_32)
FNDA:1,(anonymous_33)
FNDA:1,(anonymous_34)
FNDA:1,(anonymous_35)
FNDA:1,(anonymous_36)
FNDA:1,(anonymous_37)
FNDA:1,(anonymous_38)
FNDA:1,(anonymous_39)
FNDA:1,(anonymous_40)
FNDA:1,(anonymous_41)
FNDA:1,(anonymous_42)
FNDA:1,(anonymous_43)
FNDA:1,(anonymous_44)
FNDA:1,(anonymous_45)
FNDA:1,(anonymous_46)
FNDA:1,(anonymous_47)
FNDA:1,(anonymous_48)
FNDA:1,(anonymous_49)
FNDA:1,(anonymous_50)
FNDA:1,(anonymous_51)
FNDA:1,(anonymous_52)
FNDA:1,(anonymous_53)
FNDA:1,(anonymous_54)
FNDA:1,(anonymous_55)
FNDA:1,(anonymous_56)
FNDA:1,(anonymous_57)
FNDA:1,(anonymous_58)
FNDA:1,(anonymous_59)
FNDA:1,(anonymous_60)
FNDA:1,(anonymous_61)
DA:1,1
DA:2,1
DA:3,1
DA:4,1
DA:12,1
DA:18,1
DA:19,1
DA:20,1
DA:21,1
DA:22,1
DA:27,1
DA:29,1
DA:30,1
DA:31,1
DA:32,1
DA:37,1
DA:38,1
DA:39,1
DA:40,1
DA:44,1
DA:45,1
DA:49,1
DA:50,1
DA:51,1
DA:52,1
DA:56,1
DA:57,1
DA:62,1
DA:63,1
DA:64,1
DA:65,1
DA:69,1
DA:70,1
DA:71,1
DA:72,1
DA:77,1
DA:78,1
DA:79,1
DA:80,1
DA:84,1
DA:85,1
DA:86,1
DA:91,1
DA:92,1
DA:93,1
DA:94,1
DA:98,1
DA:99,1
DA:100,1
DA:101,1
DA:106,1
DA:107,1
DA:108,1
DA:109,1
DA:114,1
DA:115,1
DA:116,1
DA:117,1
DA:121,1
DA:122,1
DA:123,1
DA:124,1
DA:128,1
DA:129,1
DA:133,1
DA:134,1
DA:135,1
DA:136,1
DA:139,1
DA:140,1
DA:144,1
DA:145,1
DA:146,1
DA:147,1
DA:150,1
DA:151,1
DA:155,1
DA:156,1
DA:157,1
DA:160,1
DA:161,1
DA:162,1
DA:166,1
DA:167,1
DA:168,1
DA:173,1
DA:174,1
DA:175,1
DA:179,1
DA:180,1
DA:181,1
DA:182,1
DA:186,1
DA:187,1
DA:191,1
DA:192,1
DA:193,1
DA:194,1
DA:198,1
DA:199,1
DA:200,1
DA:204,1
DA:205,1
DA:206,1
DA:207,1
DA:211,1
DA:212,1
DA:213,1
DA:214,1
DA:218,1
DA:219,1
DA:220,1
DA:225,1
DA:226,1
DA:227,1
DA:228,1
DA:232,1
DA:233,1
DA:234,1
DA:238,1
DA:239,1
DA:240,1
DA:244,1
DA:245,1
DA:246,1
DA:247,1
DA:251,1
DA:252,1
DA:256,1
DA:257,1
DA:258,1
DA:259,1
DA:260,1
DA:261,1
DA:267,1
DA:268,1
DA:269,1
DA:270,1
DA:274,1
DA:275,1
DA:276,1
DA:280,1
DA:281,1
DA:285,1
DA:286,1
DA:287,1
DA:293,1
DA:294,1
DA:295,1
DA:299,1
DA:300,1
DA:301,1
DA:305,1
DA:306,1
DA:310,1
DA:311,1
DA:312,1
DA:317,1
DA:318,1
DA:319,1
DA:323,1
DA:324,1
DA:325,1
DA:329,1
DA:330,1
DA:334,1
DA:335,1
DA:336,1
LF:168
LH:168
BRF:0
BRH:0
end_of_record
TN:
SF:C:\xampp\htdocs\WayFarer\server\tests/testBooking.js
FN:51,(anonymous_1)
FN:52,(anonymous_2)
FN:53,(anonymous_3)
FN:60,(anonymous_4)
FN:69,(anonymous_5)
FN:74,(anonymous_6)
FN:84,(anonymous_7)
FN:90,(anonymous_8)
FN:100,(anonymous_9)
FN:106,(anonymous_10)
FN:114,(anonymous_11)
FN:120,(anonymous_12)
FN:130,(anonymous_13)
FN:135,(anonymous_14)
FN:140,(anonymous_15)
FN:149,(anonymous_16)
FN:150,(anonymous_17)
FN:151,(anonymous_18)
FN:155,(anonymous_19)
FN:166,(anonymous_20)
FN:177,(anonymous_21)
FN:188,(anonymous_22)
FN:189,(anonymous_23)
FN:196,(anonymous_24)
FN:205,(anonymous_25)
FN:212,(anonymous_26)
FN:221,(anonymous_27)
FN:222,(anonymous_28)
FN:223,(anonymous_29)
FN:230,(anonymous_30)
FN:238,(anonymous_31)
FN:239,(anonymous_32)
FN:244,(anonymous_33)
FN:253,(anonymous_34)
FN:254,(anonymous_35)
FN:263,(anonymous_36)
FN:273,(anonymous_37)
FN:277,(anonymous_38)
FN:286,(anonymous_39)
FN:290,(anonymous_40)
FN:300,(anonymous_41)
FN:301,(anonymous_42)
FN:305,(anonymous_43)
FN:313,(anonymous_44)
FN:318,(anonymous_45)
FNF:45
FNH:45
FNDA:1,(anonymous_1)
FNDA:1,(anonymous_2)
FNDA:1,(anonymous_3)
FNDA:1,(anonymous_4)
FNDA:1,(anonymous_5)
FNDA:1,(anonymous_6)
FNDA:1,(anonymous_7)
FNDA:1,(anonymous_8)
FNDA:1,(anonymous_9)
FNDA:1,(anonymous_10)
FNDA:1,(anonymous_11)
FNDA:1,(anonymous_12)
FNDA:1,(anonymous_13)
FNDA:2,(anonymous_14)
FNDA:1,(anonymous_15)
FNDA:1,(anonymous_16)
FNDA:1,(anonymous_17)
FNDA:1,(anonymous_18)
FNDA:1,(anonymous_19)
FNDA:1,(anonymous_20)
FNDA:1,(anonymous_21)
FNDA:1,(anonymous_22)
FNDA:2,(anonymous_23)
FNDA:1,(anonymous_24)
FNDA:1,(anonymous_25)
FNDA:1,(anonymous_26)
FNDA:1,(anonymous_27)
FNDA:1,(anonymous_28)
FNDA:2,(anonymous_29)
FNDA:1,(anonymous_30)
FNDA:1,(anonymous_31)
FNDA:1,(anonymous_32)
FNDA:1,(anonymous_33)
FNDA:1,(anonymous_34)
FNDA:2,(anonymous_35)
FNDA:1,(anonymous_36)
FNDA:1,(anonymous_37)
FNDA:1,(anonymous_38)
FNDA:1,(anonymous_39)
FNDA:1,(anonymous_40)
FNDA:1,(anonymous_41)
FNDA:1,(anonymous_42)
FNDA:1,(anonymous_43)
FNDA:1,(anonymous_44)
FNDA:1,(anonymous_45)
DA:1,1
DA:2,1
DA:3,1
DA:5,1
DA:16,1
DA:30,1
DA:33,1
DA:36,1
DA:39,1
DA:42,1
DA:44,1
DA:49,1
DA:51,1
DA:52,1
DA:53,1
DA:54,1
DA:55,1
DA:56,1
DA:61,1
DA:62,1
DA:63,1
DA:64,1
DA:65,1
DA:69,1
DA:70,1
DA:75,1
DA:76,1
DA:77,1
DA:78,1
DA:79,1
DA:80,1
DA:84,1
DA:85,1
DA:86,1
DA:91,1
DA:92,1
DA:93,1
DA:94,1
DA:95,1
DA:96,1
DA:100,1
DA:101,1
DA:102,1
DA:107,1
DA:108,1
DA:110,1
DA:114,1
DA:115,1
DA:116,1
DA:121,1
DA:122,1
DA:123,1
DA:124,1
DA:125,1
DA:126,1
DA:130,1
DA:131,1
DA:132,1
DA:133,1
DA:134,1
DA:135,2
DA:136,1
DA:141,1
DA:142,1
DA:143,1
DA:149,1
DA:150,1
DA:151,1
DA:152,1
DA:156,1
DA:157,1
DA:158,1
DA:159,1
DA:160,1
DA:161,1
DA:166,1
DA:167,1
DA:174,1
DA:178,1
DA:179,1
DA:180,1
DA:181,1
DA:182,1
DA:184,1
DA:188,1
DA:189,1
DA:190,2
DA:192,1
DA:193,1
DA:197,1
DA:198,1
DA:199,1
DA:200,1
DA:201,1
DA:205,1
DA:206,1
DA:207,1
DA:209,1
DA:213,1
DA:214,1
DA:215,1
DA:216,1
DA:221,1
DA:222,1
DA:223,1
DA:224,2
DA:226,1
DA:227,1
DA:231,1
DA:232,1
DA:233,1
DA:238,1
DA:239,1
DA:240,1
DA:245,1
DA:246,1
DA:247,1
DA:248,1
DA:249,1
DA:253,1
DA:254,1
DA:255,2
DA:256,2
DA:258,1
DA:259,1
DA:260,1
DA:264,1
DA:265,1
DA:266,1
DA:267,1
DA:268,1
DA:269,1
DA:273,1
DA:274,1
DA:278,1
DA:279,1
DA:280,1
DA:281,1
DA:282,1
DA:286,1
DA:287,1
DA:291,1
DA:292,1
DA:293,1
DA:294,1
DA:295,1
DA:300,1
DA:301,1
DA:302,1
DA:306,1
DA:307,1
DA:308,1
DA:309,1
DA:313,1
DA:314,1
DA:315,1
DA:319,1
DA:320,1
DA:321,1
DA:322,1
DA:323,1
DA:324,1
LF:162
LH:162
BRF:0
BRH:0
end_of_record
